       8 0.5 1.1352577
      16 0.25 1.1131768
      32 0.125 1.1074866
      64 0.0625 1.1060521
     128 0.03125 1.1056927
     256 0.015625 1.1056028
     512 0.0078125 1.1055803
    1024 0.00390625 1.1055747
    2048 0.001953125 1.1055733
    4096 0.0009765625 1.1055729
       8 0.5 1.091096
      16 0.25 1.1017963
      32 0.125 1.1046176
      64 0.0625 1.1053333
     128 0.03125 1.1055129
     256 0.015625 1.1055578
     512 0.0078125 1.1055691
    1024 0.00390625 1.1055719
    2048 0.001953125 1.1055726
       8 0.5 3.572922
      16 0.25 3.6977134
      32 0.125 3.7861767
      64 0.0625 3.8487855
     128 0.03125 3.8930706
     256 0.015625 3.9243883
     512 0.0078125 3.9465342
    1024 0.00390625 3.9621939
    2048 0.001953125 3.973267
    4096 0.0009765625 3.9810969
    8192 0.00048828125 3.9866335
   16384 0.00024414062 3.9905485
   32768 0.00012207031 3.9933168
   65536 6.1035156e-05 3.9952742
  131072 3.0517578e-05 3.9966584
  262144 1.5258789e-05 3.9976371
  524288 7.6293945e-06 3.9983292
 1048576 3.8146973e-06 3.9988186
 2097152 1.9073486e-06 3.9991646
 4194304 9.5367432e-07 3.9994093
 8388608 4.7683716e-07 3.9995823
16777216 2.3841858e-07 3.9997046
33554432 1.1920929e-07 3.9997911
67108864 5.9604645e-08 3.9998523
134217728 2.9802322e-08 3.9998956
       8 0.5 3.572922
      16 0.25 3.6977134
      32 0.125 3.7861767
      64 0.0625 3.8487855
     128 0.03125 3.8930706
     256 0.015625 3.9243883
     512 0.0078125 3.9465342
    1024 0.00390625 3.9621939
    2048 0.001953125 3.973267
    4096 0.0009765625 3.9810969
    8192 0.00048828125 3.9866335
   16384 0.00024414062 3.9905485
   32768 0.00012207031 3.9933168
   65536 6.1035156e-05 3.9952742
  131072 3.0517578e-05 3.9966584
  262144 1.5258789e-05 3.9976371
  524288 7.6293945e-06 3.9983292
 1048576 3.8146973e-06 3.9988186
 2097152 1.9073486e-06 3.9991646
 4194304 9.5367432e-07 3.9994093
 8388608 4.7683716e-07 3.9995823
16777216 2.3841858e-07 3.9997046
33554432 1.1920929e-07 3.9997911
67108864 5.9604645e-08 3.9998523
134217728 2.9802322e-08 3.9998956
268435456 1.4901161e-08 3.9999262
536870912 7.4505806e-09 3.9999478
       8 0.025 0.79892965
      16 0.0125 0.82683385
      32 0.00625 0.84661485
      64 0.003125 0.8606146
     128 0.0015625 0.87051704
     256 0.00078125 0.8775199
     512 0.000390625 0.88247187
    1024 0.0001953125 0.88597348
    2048 9.765625e-05 0.88844951
    4096 4.8828125e-05 0.89020033
    8192 2.4414063e-05 0.89143835
   16384 1.2207031e-05 0.89231376
   32768 6.1035156e-06 0.89293277
   65536 3.0517578e-06 0.89337048
  131072 1.5258789e-06 0.89367998
  262144 7.6293945e-07 0.89389883
  524288 3.8146973e-07 0.89405359
 1048576 1.9073486e-07 0.89416301
 2097152 9.5367432e-08 0.89424039
 4194304 4.7683716e-08 0.8942951
 8388608 2.3841858e-08 0.89433379
16777216 1.1920929e-08 0.89436115
33554432 5.9604645e-09 0.89438049
67108864 2.9802322e-09 0.89439417
134217728 1.4901161e-09 0.89440384
268435456 7.4505806e-10 0.89441068
536870912 3.7252903e-10 0.89441552
       8 0.00625 0.39946482
      16 0.003125 0.41341692
      32 0.0015625 0.42330743
      64 0.00078125 0.4303073
     128 0.000390625 0.43525852
     256 0.0001953125 0.43875995
     512 9.765625e-05 0.44123593
    1024 4.8828125e-05 0.44298674
    2048 2.4414063e-05 0.44422476
    4096 1.2207031e-05 0.44510017
    8192 6.1035156e-06 0.44571918
   16384 3.0517578e-06 0.44615688
   32768 1.5258789e-06 0.44646639
   65536 7.6293945e-07 0.44668524
  131072 3.8146973e-07 0.44683999
  262144 1.9073486e-07 0.44694942
  524288 9.5367432e-08 0.44702679
 1048576 4.7683716e-08 0.44708151
 2097152 2.3841858e-08 0.44712019
 4194304 1.1920929e-08 0.44714755
 8388608 5.9604645e-09 0.44716689
16777216 2.9802322e-09 0.44718057
33554432 1.4901161e-09 0.44719025
67108864 7.4505806e-10 0.44719708
134217728 3.7252903e-10 0.44720192
268435456 1.8626451e-10 0.44720534
       8 0.39269908 1.853986
      16 0.19634954 1.8524486
      32 0.09817477 1.8520649
      64 0.049087385 1.851969
     128 0.024543693 1.851945
     256 0.012271846 1.851939
     512 0.0061359232 1.8519376
       8 0.125 0.30733945
      16 0.0625 0.30697479
      32 0.03125 0.30688333
      64 0.015625 0.30686045
     128 0.0078125 0.30685473
     256 0.00390625 0.3068533
     512 0.001953125 0.30685294
    1024 0.0009765625 0.30685285
       8 0.125 0.61472467
      16 0.0625 0.66805696
      32 0.03125 0.65382164
      64 0.015625 0.67980037
     128 0.0078125 0.68164046
     256 0.00390625 0.67528524
     512 0.001953125 0.67146912
    1024 0.0009765625 0.67382731
    2048 0.00048828125 0.67382167
    4096 0.00024414062 0.6736458
    8192 0.00012207031 0.67354797
   16384 6.1035156e-05 0.67330903
   32768 3.0517578e-05 0.67330767
   65536 1.5258789e-05 0.67350242
  131072 7.6293945e-06 0.67343559
  262144 3.8146973e-06 0.67347381
  524288 1.9073486e-06 0.67347703
 1048576 9.5367432e-07 0.67344483
 2097152 4.7683716e-07 0.67345674
 4194304 2.3841858e-07 0.67346082
 8388608 1.1920929e-07 0.67345611
16777216 5.9604645e-08 0.67345735
33554432 2.9802322e-08 0.67345657
67108864 1.4901161e-08 0.67345677
       8 0.5 1.091096
      16 0.25 1.1017963
      32 0.125 1.1046176
      64 0.0625 1.1053333
     128 0.03125 1.1055129
     256 0.015625 1.1055578
     512 0.0078125 1.1055691
    1024 0.00390625 1.1055719
    2048 0.001953125 1.1055726
